{"C:\\Microverse\\module 2\\JavaScript-Capstone-Project\\src\\modules\\showCounter.js": {"path":"C:\\Microverse\\module 2\\JavaScript-Capstone-Project\\src\\modules\\showCounter.js","statementMap":{"0":{"start":{"line":2,"column":28},"end":{"line":5,"column":1}},"1":{"start":{"line":3,"column":23},"end":{"line":3,"column":62}},"2":{"start":{"line":4,"column":2},"end":{"line":4,"column":29}}},"fnMap":{"0":{"name":"(anonymous_0)","decl":{"start":{"line":2,"column":28},"end":{"line":2,"column":29}},"loc":{"start":{"line":2,"column":34},"end":{"line":5,"column":1}},"line":2}},"branchMap":{},"s":{"0":1,"1":3,"2":3},"f":{"0":3},"b":{},"_coverageSchema":"1a1c01bbd47fc00a2c39e90264f33305004495a9","hash":"01d19e2602d95608053eb0df3ca700b40e92e64f"}
}
